{
"/Users/nick/proj/threadtime/threadtime-server/dist/src/index.js":{"path":"/Users/nick/proj/threadtime/threadtime-server/dist/src/index.js","s":{"1":1,"2":5,"3":6,"4":6,"5":1,"6":1,"7":1,"8":1,"9":1},"b":{"1":[6,0]},"f":{"1":5},"fnMap":{"1":{"name":"__export","line":2,"loc":{"start":{"line":2,"column":0},"end":{"line":2,"column":21}}}},"statementMap":{"1":{"start":{"line":2,"column":0},"end":{"line":4,"column":1}},"2":{"start":{"line":3,"column":4},"end":{"line":3,"column":71}},"3":{"start":{"line":3,"column":21},"end":{"line":3,"column":71}},"4":{"start":{"line":3,"column":53},"end":{"line":3,"column":71}},"5":{"start":{"line":5,"column":0},"end":{"line":5,"column":27}},"6":{"start":{"line":6,"column":0},"end":{"line":6,"column":30}},"7":{"start":{"line":7,"column":0},"end":{"line":7,"column":38}},"8":{"start":{"line":8,"column":0},"end":{"line":8,"column":30}},"9":{"start":{"line":9,"column":0},"end":{"line":9,"column":28}}},"branchMap":{"1":{"line":3,"type":"if","locations":[{"start":{"line":3,"column":21},"end":{"line":3,"column":21}},{"start":{"line":3,"column":21},"end":{"line":3,"column":21}}]}},"l":{"2":1,"3":6,"5":1,"6":1,"7":1,"8":1,"9":1}},
"/Users/nick/proj/threadtime/threadtime-server/dist/src/app.js":{"path":"/Users/nick/proj/threadtime/threadtime-server/dist/src/app.js","s":{"1":1,"2":1,"3":5,"4":5,"5":1,"6":1,"7":1,"8":1,"9":1,"10":1,"11":1,"12":1,"13":1,"14":1,"15":1,"16":1,"17":1,"18":1,"19":1,"20":25,"21":25,"22":19,"23":25,"24":25,"25":25,"26":25,"27":25,"28":25,"29":25,"30":25,"31":25,"32":25,"33":25,"34":2,"35":2,"36":2,"37":25,"38":5,"39":1,"40":20,"41":20,"42":0,"43":20,"44":20,"45":20,"46":20,"47":0,"48":0,"49":20,"50":20,"51":20,"52":20,"53":20,"54":60,"55":60,"56":60,"57":0,"58":60,"59":60,"60":20,"61":20,"62":20,"63":1,"64":20,"65":20,"66":0,"67":20,"68":20,"69":20,"70":0,"71":20,"72":20,"73":20,"74":20,"75":1,"76":31,"77":1,"78":1,"79":1},"b":{"1":[1,1,1],"2":[5,0],"3":[0,1],"4":[19,6],"5":[19,19],"6":[25,0],"7":[25,25],"8":[0,20],"9":[0,20],"10":[0,60],"11":[0,20],"12":[0,20]},"f":{"1":1,"2":1,"3":1,"4":25,"5":2,"6":5,"7":20,"8":0,"9":20,"10":20,"11":20,"12":60,"13":60,"14":20,"15":20,"16":20,"17":0,"18":20,"19":20,"20":20,"21":31},"fnMap":{"1":{"name":"(anonymous_1)","line":2,"loc":{"start":{"line":2,"column":44},"end":{"line":2,"column":60}}},"2":{"name":"__","line":4,"loc":{"start":{"line":4,"column":4},"end":{"line":4,"column":18}}},"3":{"name":"(anonymous_3)","line":16,"loc":{"start":{"line":16,"column":11},"end":{"line":16,"column":29}}},"4":{"name":"App","line":18,"loc":{"start":{"line":18,"column":4},"end":{"line":18,"column":30}}},"5":{"name":"(anonymous_5)","line":33,"loc":{"start":{"line":33,"column":33},"end":{"line":33,"column":51}}},"6":{"name":"(anonymous_6)","line":41,"loc":{"start":{"line":41,"column":37},"end":{"line":41,"column":55}}},"7":{"name":"(anonymous_7)","line":46,"loc":{"start":{"line":46,"column":26},"end":{"line":46,"column":42}}},"8":{"name":"(anonymous_8)","line":48,"loc":{"start":{"line":48,"column":38},"end":{"line":48,"column":50}}},"9":{"name":"(anonymous_9)","line":51,"loc":{"start":{"line":51,"column":12},"end":{"line":51,"column":32}}},"10":{"name":"(anonymous_10)","line":52,"loc":{"start":{"line":52,"column":59},"end":{"line":52,"column":78}}},"11":{"name":"(anonymous_11)","line":62,"loc":{"start":{"line":62,"column":12},"end":{"line":62,"column":32}}},"12":{"name":"(anonymous_12)","line":64,"loc":{"start":{"line":64,"column":64},"end":{"line":64,"column":95}}},"13":{"name":"(anonymous_13)","line":66,"loc":{"start":{"line":66,"column":45},"end":{"line":66,"column":70}}},"14":{"name":"(anonymous_14)","line":74,"loc":{"start":{"line":74,"column":12},"end":{"line":74,"column":32}}},"15":{"name":"(anonymous_15)","line":74,"loc":{"start":{"line":74,"column":71},"end":{"line":74,"column":83}}},"16":{"name":"(anonymous_16)","line":81,"loc":{"start":{"line":81,"column":25},"end":{"line":81,"column":41}}},"17":{"name":"(anonymous_17)","line":83,"loc":{"start":{"line":83,"column":38},"end":{"line":83,"column":50}}},"18":{"name":"(anonymous_18)","line":86,"loc":{"start":{"line":86,"column":12},"end":{"line":86,"column":32}}},"19":{"name":"(anonymous_19)","line":94,"loc":{"start":{"line":94,"column":12},"end":{"line":94,"column":32}}},"20":{"name":"(anonymous_20)","line":95,"loc":{"start":{"line":95,"column":12},"end":{"line":95,"column":32}}},"21":{"name":"(anonymous_21)","line":99,"loc":{"start":{"line":99,"column":34},"end":{"line":99,"column":50}}}},"statementMap":{"1":{"start":{"line":2,"column":0},"end":{"line":6,"column":2}},"2":{"start":{"line":3,"column":4},"end":{"line":3,"column":58}},"3":{"start":{"line":3,"column":21},"end":{"line":3,"column":58}},"4":{"start":{"line":3,"column":46},"end":{"line":3,"column":58}},"5":{"start":{"line":4,"column":4},"end":{"line":4,"column":43}},"6":{"start":{"line":4,"column":20},"end":{"line":4,"column":41}},"7":{"start":{"line":5,"column":4},"end":{"line":5,"column":89}},"8":{"start":{"line":7,"column":0},"end":{"line":7,"column":31}},"9":{"start":{"line":8,"column":0},"end":{"line":8,"column":27}},"10":{"start":{"line":9,"column":0},"end":{"line":9,"column":33}},"11":{"start":{"line":10,"column":0},"end":{"line":10,"column":29}},"12":{"start":{"line":11,"column":0},"end":{"line":11,"column":35}},"13":{"start":{"line":12,"column":0},"end":{"line":12,"column":33}},"14":{"start":{"line":13,"column":0},"end":{"line":13,"column":26}},"15":{"start":{"line":14,"column":0},"end":{"line":14,"column":35}},"16":{"start":{"line":15,"column":0},"end":{"line":15,"column":51}},"17":{"start":{"line":16,"column":0},"end":{"line":104,"column":26}},"18":{"start":{"line":17,"column":4},"end":{"line":17,"column":27}},"19":{"start":{"line":18,"column":4},"end":{"line":44,"column":5}},"20":{"start":{"line":19,"column":8},"end":{"line":19,"column":25}},"21":{"start":{"line":20,"column":8},"end":{"line":20,"column":65}},"22":{"start":{"line":20,"column":31},"end":{"line":20,"column":63}},"23":{"start":{"line":21,"column":8},"end":{"line":21,"column":97}},"24":{"start":{"line":21,"column":32},"end":{"line":21,"column":95}},"25":{"start":{"line":22,"column":8},"end":{"line":22,"column":26}},"26":{"start":{"line":23,"column":8},"end":{"line":23,"column":25}},"27":{"start":{"line":24,"column":8},"end":{"line":24,"column":27}},"28":{"start":{"line":25,"column":8},"end":{"line":25,"column":40}},"29":{"start":{"line":26,"column":8},"end":{"line":26,"column":33}},"30":{"start":{"line":27,"column":8},"end":{"line":27,"column":26}},"31":{"start":{"line":28,"column":8},"end":{"line":28,"column":30}},"32":{"start":{"line":30,"column":8},"end":{"line":32,"column":17}},"33":{"start":{"line":33,"column":8},"end":{"line":40,"column":11}},"34":{"start":{"line":35,"column":12},"end":{"line":35,"column":60}},"35":{"start":{"line":37,"column":12},"end":{"line":37,"column":39}},"36":{"start":{"line":39,"column":12},"end":{"line":39,"column":27}},"37":{"start":{"line":41,"column":8},"end":{"line":43,"column":11}},"38":{"start":{"line":42,"column":12},"end":{"line":42,"column":42}},"39":{"start":{"line":46,"column":4},"end":{"line":79,"column":6}},"40":{"start":{"line":47,"column":8},"end":{"line":47,"column":25}},"41":{"start":{"line":48,"column":8},"end":{"line":48,"column":56}},"42":{"start":{"line":48,"column":31},"end":{"line":48,"column":54}},"43":{"start":{"line":49,"column":8},"end":{"line":49,"column":83}},"44":{"start":{"line":50,"column":8},"end":{"line":78,"column":17}},"45":{"start":{"line":52,"column":16},"end":{"line":60,"column":19}},"46":{"start":{"line":53,"column":20},"end":{"line":56,"column":21}},"47":{"start":{"line":54,"column":24},"end":{"line":54,"column":45}},"48":{"start":{"line":55,"column":24},"end":{"line":55,"column":45}},"49":{"start":{"line":57,"column":20},"end":{"line":57,"column":58}},"50":{"start":{"line":58,"column":20},"end":{"line":58,"column":34}},"51":{"start":{"line":59,"column":20},"end":{"line":59,"column":31}},"52":{"start":{"line":63,"column":16},"end":{"line":63,"column":60}},"53":{"start":{"line":64,"column":16},"end":{"line":72,"column":29}},"54":{"start":{"line":65,"column":20},"end":{"line":65,"column":57}},"55":{"start":{"line":66,"column":20},"end":{"line":71,"column":23}},"56":{"start":{"line":67,"column":24},"end":{"line":68,"column":42}},"57":{"start":{"line":68,"column":28},"end":{"line":68,"column":42}},"58":{"start":{"line":69,"column":24},"end":{"line":69,"column":58}},"59":{"start":{"line":70,"column":24},"end":{"line":70,"column":35}},"60":{"start":{"line":74,"column":34},"end":{"line":77,"column":15}},"61":{"start":{"line":75,"column":16},"end":{"line":75,"column":65}},"62":{"start":{"line":76,"column":16},"end":{"line":76,"column":27}},"63":{"start":{"line":81,"column":4},"end":{"line":97,"column":6}},"64":{"start":{"line":82,"column":8},"end":{"line":82,"column":25}},"65":{"start":{"line":83,"column":8},"end":{"line":83,"column":56}},"66":{"start":{"line":83,"column":31},"end":{"line":83,"column":54}},"67":{"start":{"line":84,"column":8},"end":{"line":84,"column":24}},"68":{"start":{"line":85,"column":8},"end":{"line":96,"column":17}},"69":{"start":{"line":87,"column":16},"end":{"line":92,"column":17}},"70":{"start":{"line":88,"column":20},"end":{"line":88,"column":47}},"71":{"start":{"line":91,"column":20},"end":{"line":91,"column":31}},"72":{"start":{"line":94,"column":34},"end":{"line":94,"column":72}},"73":{"start":{"line":95,"column":34},"end":{"line":95,"column":68}},"74":{"start":{"line":95,"column":69},"end":{"line":95,"column":80}},"75":{"start":{"line":99,"column":4},"end":{"line":101,"column":6}},"76":{"start":{"line":100,"column":8},"end":{"line":100,"column":70}},"77":{"start":{"line":102,"column":4},"end":{"line":102,"column":26}},"78":{"start":{"line":103,"column":4},"end":{"line":103,"column":15}},"79":{"start":{"line":105,"column":0},"end":{"line":105,"column":18}}},"branchMap":{"1":{"line":2,"type":"binary-expr","locations":[{"start":{"line":2,"column":17},"end":{"line":2,"column":21}},{"start":{"line":2,"column":25},"end":{"line":2,"column":39}},{"start":{"line":2,"column":44},"end":{"line":6,"column":1}}]},"2":{"line":3,"type":"if","locations":[{"start":{"line":3,"column":21},"end":{"line":3,"column":21}},{"start":{"line":3,"column":21},"end":{"line":3,"column":21}}]},"3":{"line":5,"type":"cond-expr","locations":[{"start":{"line":5,"column":31},"end":{"line":5,"column":47}},{"start":{"line":5,"column":51},"end":{"line":5,"column":87}}]},"4":{"line":20,"type":"if","locations":[{"start":{"line":20,"column":8},"end":{"line":20,"column":8}},{"start":{"line":20,"column":8},"end":{"line":20,"column":8}}]},"5":{"line":20,"type":"binary-expr","locations":[{"start":{"line":20,"column":38},"end":{"line":20,"column":54}},{"start":{"line":20,"column":58},"end":{"line":20,"column":62}}]},"6":{"line":21,"type":"if","locations":[{"start":{"line":21,"column":8},"end":{"line":21,"column":8}},{"start":{"line":21,"column":8},"end":{"line":21,"column":8}}]},"7":{"line":21,"type":"binary-expr","locations":[{"start":{"line":21,"column":40},"end":{"line":21,"column":58}},{"start":{"line":21,"column":62},"end":{"line":21,"column":94}}]},"8":{"line":48,"type":"if","locations":[{"start":{"line":48,"column":8},"end":{"line":48,"column":8}},{"start":{"line":48,"column":8},"end":{"line":48,"column":8}}]},"9":{"line":53,"type":"if","locations":[{"start":{"line":53,"column":20},"end":{"line":53,"column":20}},{"start":{"line":53,"column":20},"end":{"line":53,"column":20}}]},"10":{"line":67,"type":"if","locations":[{"start":{"line":67,"column":24},"end":{"line":67,"column":24}},{"start":{"line":67,"column":24},"end":{"line":67,"column":24}}]},"11":{"line":83,"type":"if","locations":[{"start":{"line":83,"column":8},"end":{"line":83,"column":8}},{"start":{"line":83,"column":8},"end":{"line":83,"column":8}}]},"12":{"line":87,"type":"if","locations":[{"start":{"line":87,"column":16},"end":{"line":87,"column":16}},{"start":{"line":87,"column":16},"end":{"line":87,"column":16}}]}},"l":{"2":1,"3":5,"4":1,"5":1,"7":1,"8":1,"9":1,"10":1,"11":1,"12":1,"13":1,"14":1,"15":1,"16":1,"17":1,"18":1,"19":25,"20":25,"21":25,"22":25,"23":25,"24":25,"25":25,"26":25,"27":25,"28":25,"30":25,"33":25,"35":2,"37":2,"39":2,"41":25,"42":5,"46":1,"47":20,"48":20,"49":20,"50":20,"52":20,"53":20,"54":0,"55":0,"57":20,"58":20,"59":20,"63":20,"64":20,"65":60,"66":60,"67":60,"68":0,"69":60,"70":60,"74":20,"75":20,"76":20,"81":1,"82":20,"83":20,"84":20,"85":20,"87":20,"88":0,"91":20,"94":20,"95":20,"99":1,"100":31,"102":1,"103":1,"105":1}},
"/Users/nick/proj/threadtime/threadtime-server/dist/src/client.js":{"path":"/Users/nick/proj/threadtime/threadtime-server/dist/src/client.js","s":{"1":1,"2":1,"3":1,"4":1,"5":7,"6":7,"7":7,"8":7,"9":1,"10":7,"11":7,"12":7,"13":4,"14":7,"15":2,"16":2,"17":2,"18":1,"19":1,"20":1,"21":1,"22":1,"23":1,"24":1,"25":1,"26":1,"27":1,"28":1,"29":1,"30":7,"31":1,"32":7,"33":5,"34":7,"35":2,"36":5,"37":5,"38":5,"39":2,"40":5,"41":5,"42":1,"43":15,"44":1,"45":1},"b":{"1":[1,1],"2":[5,2],"3":[2,5],"4":[2,3]},"f":{"1":1,"2":7,"3":7,"4":4,"5":2,"6":7,"7":5,"8":15},"fnMap":{"1":{"name":"(anonymous_1)","line":4,"loc":{"start":{"line":4,"column":14},"end":{"line":4,"column":26}}},"2":{"name":"Client","line":5,"loc":{"start":{"line":5,"column":4},"end":{"line":5,"column":33}}},"3":{"name":"(anonymous_3)","line":11,"loc":{"start":{"line":11,"column":29},"end":{"line":11,"column":41}}},"4":{"name":"(anonymous_4)","line":15,"loc":{"start":{"line":15,"column":37},"end":{"line":15,"column":49}}},"5":{"name":"(anonymous_5)","line":17,"loc":{"start":{"line":17,"column":77},"end":{"line":17,"column":92}}},"6":{"name":"(anonymous_6)","line":40,"loc":{"start":{"line":40,"column":28},"end":{"line":40,"column":44}}},"7":{"name":"(anonymous_7)","line":41,"loc":{"start":{"line":41,"column":38},"end":{"line":41,"column":50}}},"8":{"name":"(anonymous_8)","line":51,"loc":{"start":{"line":51,"column":27},"end":{"line":51,"column":42}}}},"statementMap":{"1":{"start":{"line":2,"column":0},"end":{"line":2,"column":67}},"2":{"start":{"line":3,"column":0},"end":{"line":3,"column":29}},"3":{"start":{"line":4,"column":0},"end":{"line":55,"column":5}},"4":{"start":{"line":5,"column":4},"end":{"line":10,"column":5}},"5":{"start":{"line":6,"column":8},"end":{"line":6,"column":31}},"6":{"start":{"line":7,"column":8},"end":{"line":7,"column":23}},"7":{"start":{"line":8,"column":8},"end":{"line":8,"column":29}},"8":{"start":{"line":9,"column":8},"end":{"line":9,"column":69}},"9":{"start":{"line":11,"column":4},"end":{"line":39,"column":6}},"10":{"start":{"line":12,"column":8},"end":{"line":12,"column":25}},"11":{"start":{"line":13,"column":8},"end":{"line":13,"column":43}},"12":{"start":{"line":15,"column":8},"end":{"line":15,"column":75}},"13":{"start":{"line":15,"column":51},"end":{"line":15,"column":71}},"14":{"start":{"line":17,"column":8},"end":{"line":37,"column":11}},"15":{"start":{"line":18,"column":12},"end":{"line":18,"column":91}},"16":{"start":{"line":19,"column":12},"end":{"line":19,"column":70}},"17":{"start":{"line":20,"column":12},"end":{"line":28,"column":13}},"18":{"start":{"line":21,"column":16},"end":{"line":21,"column":60}},"19":{"start":{"line":22,"column":16},"end":{"line":22,"column":81}},"20":{"start":{"line":23,"column":16},"end":{"line":23,"column":98}},"21":{"start":{"line":24,"column":16},"end":{"line":24,"column":98}},"22":{"start":{"line":25,"column":16},"end":{"line":25,"column":45}},"23":{"start":{"line":26,"column":16},"end":{"line":26,"column":29}},"24":{"start":{"line":27,"column":16},"end":{"line":27,"column":23}},"25":{"start":{"line":30,"column":12},"end":{"line":30,"column":55}},"26":{"start":{"line":32,"column":12},"end":{"line":32,"column":66}},"27":{"start":{"line":33,"column":12},"end":{"line":33,"column":45}},"28":{"start":{"line":34,"column":12},"end":{"line":34,"column":43}},"29":{"start":{"line":35,"column":12},"end":{"line":35,"column":40}},"30":{"start":{"line":38,"column":8},"end":{"line":38,"column":30}},"31":{"start":{"line":40,"column":4},"end":{"line":50,"column":6}},"32":{"start":{"line":41,"column":8},"end":{"line":41,"column":56}},"33":{"start":{"line":41,"column":31},"end":{"line":41,"column":54}},"34":{"start":{"line":42,"column":8},"end":{"line":43,"column":31}},"35":{"start":{"line":43,"column":12},"end":{"line":43,"column":31}},"36":{"start":{"line":44,"column":8},"end":{"line":44,"column":43}},"37":{"start":{"line":45,"column":8},"end":{"line":45,"column":31}},"38":{"start":{"line":46,"column":8},"end":{"line":47,"column":37}},"39":{"start":{"line":47,"column":12},"end":{"line":47,"column":37}},"40":{"start":{"line":48,"column":8},"end":{"line":48,"column":49}},"41":{"start":{"line":49,"column":8},"end":{"line":49,"column":22}},"42":{"start":{"line":51,"column":4},"end":{"line":53,"column":6}},"43":{"start":{"line":52,"column":8},"end":{"line":52,"column":84}},"44":{"start":{"line":54,"column":4},"end":{"line":54,"column":18}},"45":{"start":{"line":56,"column":0},"end":{"line":56,"column":24}}},"branchMap":{"1":{"line":20,"type":"if","locations":[{"start":{"line":20,"column":12},"end":{"line":20,"column":12}},{"start":{"line":20,"column":12},"end":{"line":20,"column":12}}]},"2":{"line":41,"type":"if","locations":[{"start":{"line":41,"column":8},"end":{"line":41,"column":8}},{"start":{"line":41,"column":8},"end":{"line":41,"column":8}}]},"3":{"line":42,"type":"if","locations":[{"start":{"line":42,"column":8},"end":{"line":42,"column":8}},{"start":{"line":42,"column":8},"end":{"line":42,"column":8}}]},"4":{"line":46,"type":"if","locations":[{"start":{"line":46,"column":8},"end":{"line":46,"column":8}},{"start":{"line":46,"column":8},"end":{"line":46,"column":8}}]}},"l":{"2":1,"3":1,"4":1,"5":1,"6":7,"7":7,"8":7,"9":7,"11":1,"12":7,"13":7,"15":7,"17":7,"18":2,"19":2,"20":2,"21":1,"22":1,"23":1,"24":1,"25":1,"26":1,"27":1,"30":1,"32":1,"33":1,"34":1,"35":1,"38":7,"40":1,"41":7,"42":7,"43":2,"44":5,"45":5,"46":5,"47":2,"48":5,"49":5,"51":1,"52":15,"54":1,"56":1}},
"/Users/nick/proj/threadtime/threadtime-server/dist/src/collection_map.js":{"path":"/Users/nick/proj/threadtime/threadtime-server/dist/src/collection_map.js","s":{"1":1,"2":1,"3":1},"b":{},"f":{},"fnMap":{},"statementMap":{"1":{"start":{"line":2,"column":0},"end":{"line":2,"column":67}},"2":{"start":{"line":3,"column":0},"end":{"line":8,"column":2}},"3":{"start":{"line":9,"column":0},"end":{"line":9,"column":7}}},"branchMap":{},"l":{"2":1,"3":1,"9":1}},
"/Users/nick/proj/threadtime/threadtime-server/dist/src/errors.js":{"path":"/Users/nick/proj/threadtime/threadtime-server/dist/src/errors.js","s":{"1":1,"2":2,"3":4,"4":4,"5":1,"6":2,"7":2,"8":1,"9":1,"10":1,"11":1,"12":1,"13":1,"14":1,"15":1,"16":1,"17":1,"18":1,"19":1,"20":1,"21":1},"b":{"1":[1,1,1],"2":[4,0],"3":[0,2],"4":[1,1],"5":[1,1]},"f":{"1":2,"2":2,"3":1,"4":1,"5":1,"6":1},"fnMap":{"1":{"name":"(anonymous_1)","line":2,"loc":{"start":{"line":2,"column":44},"end":{"line":2,"column":60}}},"2":{"name":"__","line":4,"loc":{"start":{"line":4,"column":4},"end":{"line":4,"column":18}}},"3":{"name":"(anonymous_3)","line":7,"loc":{"start":{"line":7,"column":24},"end":{"line":7,"column":42}}},"4":{"name":"ObjNotFoundError","line":9,"loc":{"start":{"line":9,"column":4},"end":{"line":9,"column":39}}},"5":{"name":"(anonymous_5)","line":16,"loc":{"start":{"line":16,"column":23},"end":{"line":16,"column":41}}},"6":{"name":"ValidationError","line":18,"loc":{"start":{"line":18,"column":4},"end":{"line":18,"column":38}}}},"statementMap":{"1":{"start":{"line":2,"column":0},"end":{"line":6,"column":2}},"2":{"start":{"line":3,"column":4},"end":{"line":3,"column":58}},"3":{"start":{"line":3,"column":21},"end":{"line":3,"column":58}},"4":{"start":{"line":3,"column":46},"end":{"line":3,"column":58}},"5":{"start":{"line":4,"column":4},"end":{"line":4,"column":43}},"6":{"start":{"line":4,"column":20},"end":{"line":4,"column":41}},"7":{"start":{"line":5,"column":4},"end":{"line":5,"column":89}},"8":{"start":{"line":7,"column":0},"end":{"line":14,"column":10}},"9":{"start":{"line":8,"column":4},"end":{"line":8,"column":40}},"10":{"start":{"line":9,"column":4},"end":{"line":12,"column":5}},"11":{"start":{"line":10,"column":8},"end":{"line":10,"column":60}},"12":{"start":{"line":11,"column":8},"end":{"line":11,"column":39}},"13":{"start":{"line":13,"column":4},"end":{"line":13,"column":28}},"14":{"start":{"line":15,"column":0},"end":{"line":15,"column":44}},"15":{"start":{"line":16,"column":0},"end":{"line":23,"column":10}},"16":{"start":{"line":17,"column":4},"end":{"line":17,"column":39}},"17":{"start":{"line":18,"column":4},"end":{"line":21,"column":5}},"18":{"start":{"line":19,"column":8},"end":{"line":19,"column":57}},"19":{"start":{"line":20,"column":8},"end":{"line":20,"column":38}},"20":{"start":{"line":22,"column":4},"end":{"line":22,"column":27}},"21":{"start":{"line":24,"column":0},"end":{"line":24,"column":42}}},"branchMap":{"1":{"line":2,"type":"binary-expr","locations":[{"start":{"line":2,"column":17},"end":{"line":2,"column":21}},{"start":{"line":2,"column":25},"end":{"line":2,"column":39}},{"start":{"line":2,"column":44},"end":{"line":6,"column":1}}]},"2":{"line":3,"type":"if","locations":[{"start":{"line":3,"column":21},"end":{"line":3,"column":21}},{"start":{"line":3,"column":21},"end":{"line":3,"column":21}}]},"3":{"line":5,"type":"cond-expr","locations":[{"start":{"line":5,"column":31},"end":{"line":5,"column":47}},{"start":{"line":5,"column":51},"end":{"line":5,"column":87}}]},"4":{"line":10,"type":"binary-expr","locations":[{"start":{"line":10,"column":26},"end":{"line":10,"column":33}},{"start":{"line":10,"column":37},"end":{"line":10,"column":58}}]},"5":{"line":19,"type":"binary-expr","locations":[{"start":{"line":19,"column":26},"end":{"line":19,"column":33}},{"start":{"line":19,"column":37},"end":{"line":19,"column":55}}]}},"l":{"2":1,"3":4,"4":2,"5":2,"7":1,"8":1,"9":1,"10":1,"11":1,"13":1,"15":1,"16":1,"17":1,"18":1,"19":1,"20":1,"22":1,"24":1}},
"/Users/nick/proj/threadtime/threadtime-server/dist/src/objs/index.js":{"path":"/Users/nick/proj/threadtime/threadtime-server/dist/src/objs/index.js","s":{"1":1,"2":1,"3":1,"4":1,"5":1},"b":{"1":[1,0]},"f":{"1":1},"fnMap":{"1":{"name":"__export","line":2,"loc":{"start":{"line":2,"column":0},"end":{"line":2,"column":21}}}},"statementMap":{"1":{"start":{"line":2,"column":0},"end":{"line":4,"column":1}},"2":{"start":{"line":3,"column":4},"end":{"line":3,"column":71}},"3":{"start":{"line":3,"column":21},"end":{"line":3,"column":71}},"4":{"start":{"line":3,"column":53},"end":{"line":3,"column":71}},"5":{"start":{"line":5,"column":0},"end":{"line":5,"column":27}}},"branchMap":{"1":{"line":3,"type":"if","locations":[{"start":{"line":3,"column":21},"end":{"line":3,"column":21}},{"start":{"line":3,"column":21},"end":{"line":3,"column":21}}]}},"l":{"2":1,"3":1,"5":1}},
"/Users/nick/proj/threadtime/threadtime-server/dist/src/objs/obj.js":{"path":"/Users/nick/proj/threadtime/threadtime-server/dist/src/objs/obj.js","s":{"1":1,"2":1,"3":1,"4":1,"5":1,"6":1,"7":1,"8":0,"9":0,"10":0,"11":0,"12":0,"13":0,"14":0,"15":0,"16":1,"17":0,"18":0,"19":1,"20":0,"21":0,"22":1,"23":0,"24":0,"25":0,"26":1,"27":0,"28":1,"29":0,"30":1,"31":0,"32":0,"33":0,"34":0,"35":0,"36":0,"37":0,"38":0,"39":0,"40":0,"41":0,"42":0,"43":1,"44":0,"45":0,"46":0,"47":0,"48":0,"49":1,"50":0,"51":0,"52":0,"53":0,"54":0,"55":0,"56":0,"57":0,"58":0,"59":0,"60":0,"61":1,"62":1},"b":{"1":[0,0],"2":[0,0],"3":[0,0],"4":[0,0],"5":[0,0]},"f":{"1":1,"2":0,"3":0,"4":0,"5":0,"6":0,"7":0,"8":0,"9":0,"10":0,"11":0,"12":0,"13":0,"14":0,"15":0,"16":0,"17":0,"18":0,"19":0},"fnMap":{"1":{"name":"(anonymous_1)","line":8,"loc":{"start":{"line":8,"column":11},"end":{"line":8,"column":23}}},"2":{"name":"Obj","line":14,"loc":{"start":{"line":14,"column":4},"end":{"line":14,"column":26}}},"3":{"name":"(anonymous_3)","line":28,"loc":{"start":{"line":28,"column":13},"end":{"line":28,"column":25}}},"4":{"name":"(anonymous_4)","line":31,"loc":{"start":{"line":31,"column":13},"end":{"line":31,"column":32}}},"5":{"name":"(anonymous_5)","line":38,"loc":{"start":{"line":38,"column":13},"end":{"line":38,"column":25}}},"6":{"name":"(anonymous_6)","line":41,"loc":{"start":{"line":41,"column":13},"end":{"line":41,"column":28}}},"7":{"name":"(anonymous_7)","line":48,"loc":{"start":{"line":48,"column":13},"end":{"line":48,"column":25}}},"8":{"name":"(anonymous_8)","line":50,"loc":{"start":{"line":50,"column":39},"end":{"line":50,"column":53}}},"9":{"name":"(anonymous_9)","line":61,"loc":{"start":{"line":61,"column":30},"end":{"line":61,"column":48}}},"10":{"name":"(anonymous_10)","line":68,"loc":{"start":{"line":68,"column":29},"end":{"line":68,"column":47}}},"11":{"name":"(anonymous_11)","line":75,"loc":{"start":{"line":75,"column":25},"end":{"line":75,"column":37}}},"12":{"name":"(anonymous_12)","line":77,"loc":{"start":{"line":77,"column":27},"end":{"line":77,"column":54}}},"13":{"name":"(anonymous_13)","line":78,"loc":{"start":{"line":78,"column":78},"end":{"line":78,"column":94}}},"14":{"name":"(anonymous_14)","line":82,"loc":{"start":{"line":82,"column":31},"end":{"line":82,"column":51}}},"15":{"name":"(anonymous_15)","line":88,"loc":{"start":{"line":88,"column":21},"end":{"line":88,"column":36}}},"16":{"name":"(anonymous_16)","line":91,"loc":{"start":{"line":91,"column":29},"end":{"line":91,"column":41}}},"17":{"name":"(anonymous_17)","line":101,"loc":{"start":{"line":101,"column":25},"end":{"line":101,"column":37}}},"18":{"name":"(anonymous_18)","line":103,"loc":{"start":{"line":103,"column":27},"end":{"line":103,"column":54}}},"19":{"name":"(anonymous_19)","line":113,"loc":{"start":{"line":113,"column":94},"end":{"line":113,"column":106}}}},"statementMap":{"1":{"start":{"line":2,"column":0},"end":{"line":2,"column":33}},"2":{"start":{"line":3,"column":0},"end":{"line":3,"column":26}},"3":{"start":{"line":4,"column":0},"end":{"line":4,"column":25}},"4":{"start":{"line":5,"column":0},"end":{"line":5,"column":24}},"5":{"start":{"line":6,"column":0},"end":{"line":6,"column":67}},"6":{"start":{"line":8,"column":0},"end":{"line":117,"column":5}},"7":{"start":{"line":14,"column":4},"end":{"line":26,"column":5}},"8":{"start":{"line":15,"column":8},"end":{"line":15,"column":23}},"9":{"start":{"line":16,"column":8},"end":{"line":21,"column":9}},"10":{"start":{"line":17,"column":12},"end":{"line":17,"column":26}},"11":{"start":{"line":20,"column":12},"end":{"line":20,"column":85}},"12":{"start":{"line":22,"column":8},"end":{"line":22,"column":29}},"13":{"start":{"line":23,"column":8},"end":{"line":23,"column":29}},"14":{"start":{"line":24,"column":8},"end":{"line":24,"column":50}},"15":{"start":{"line":25,"column":8},"end":{"line":25,"column":60}},"16":{"start":{"line":27,"column":4},"end":{"line":36,"column":7}},"17":{"start":{"line":29,"column":12},"end":{"line":29,"column":41}},"18":{"start":{"line":32,"column":12},"end":{"line":32,"column":56}},"19":{"start":{"line":37,"column":4},"end":{"line":46,"column":7}},"20":{"start":{"line":39,"column":12},"end":{"line":39,"column":52}},"21":{"start":{"line":42,"column":12},"end":{"line":42,"column":36}},"22":{"start":{"line":47,"column":4},"end":{"line":56,"column":7}},"23":{"start":{"line":49,"column":12},"end":{"line":49,"column":29}},"24":{"start":{"line":50,"column":12},"end":{"line":52,"column":15}},"25":{"start":{"line":51,"column":16},"end":{"line":51,"column":46}},"26":{"start":{"line":61,"column":4},"end":{"line":63,"column":6}},"27":{"start":{"line":62,"column":8},"end":{"line":62,"column":41}},"28":{"start":{"line":68,"column":4},"end":{"line":70,"column":6}},"29":{"start":{"line":69,"column":8},"end":{"line":69,"column":44}},"30":{"start":{"line":75,"column":4},"end":{"line":90,"column":6}},"31":{"start":{"line":76,"column":8},"end":{"line":76,"column":25}},"32":{"start":{"line":77,"column":8},"end":{"line":89,"column":11}},"33":{"start":{"line":78,"column":12},"end":{"line":88,"column":61}},"34":{"start":{"line":79,"column":16},"end":{"line":80,"column":61}},"35":{"start":{"line":80,"column":20},"end":{"line":80,"column":61}},"36":{"start":{"line":81,"column":16},"end":{"line":81,"column":34}},"37":{"start":{"line":82,"column":16},"end":{"line":86,"column":19}},"38":{"start":{"line":83,"column":20},"end":{"line":84,"column":31}},"39":{"start":{"line":84,"column":24},"end":{"line":84,"column":31}},"40":{"start":{"line":85,"column":20},"end":{"line":85,"column":37}},"41":{"start":{"line":87,"column":16},"end":{"line":87,"column":26}},"42":{"start":{"line":88,"column":38},"end":{"line":88,"column":57}},"43":{"start":{"line":91,"column":4},"end":{"line":100,"column":6}},"44":{"start":{"line":92,"column":8},"end":{"line":92,"column":65}},"45":{"start":{"line":93,"column":8},"end":{"line":93,"column":76}},"46":{"start":{"line":94,"column":8},"end":{"line":99,"column":9}},"47":{"start":{"line":95,"column":12},"end":{"line":95,"column":50}},"48":{"start":{"line":98,"column":12},"end":{"line":98,"column":59}},"49":{"start":{"line":101,"column":4},"end":{"line":115,"column":6}},"50":{"start":{"line":102,"column":8},"end":{"line":102,"column":25}},"51":{"start":{"line":103,"column":8},"end":{"line":114,"column":11}},"52":{"start":{"line":105,"column":12},"end":{"line":105,"column":46}},"53":{"start":{"line":106,"column":12},"end":{"line":107,"column":56}},"54":{"start":{"line":107,"column":16},"end":{"line":107,"column":56}},"55":{"start":{"line":108,"column":12},"end":{"line":108,"column":25}},"56":{"start":{"line":109,"column":12},"end":{"line":112,"column":13}},"57":{"start":{"line":110,"column":16},"end":{"line":110,"column":31}},"58":{"start":{"line":111,"column":16},"end":{"line":111,"column":34}},"59":{"start":{"line":113,"column":12},"end":{"line":113,"column":129}},"60":{"start":{"line":113,"column":108},"end":{"line":113,"column":125}},"61":{"start":{"line":116,"column":4},"end":{"line":116,"column":15}},"62":{"start":{"line":118,"column":0},"end":{"line":118,"column":18}}},"branchMap":{"1":{"line":16,"type":"if","locations":[{"start":{"line":16,"column":8},"end":{"line":16,"column":8}},{"start":{"line":16,"column":8},"end":{"line":16,"column":8}}]},"2":{"line":79,"type":"if","locations":[{"start":{"line":79,"column":16},"end":{"line":79,"column":16}},{"start":{"line":79,"column":16},"end":{"line":79,"column":16}}]},"3":{"line":83,"type":"if","locations":[{"start":{"line":83,"column":20},"end":{"line":83,"column":20}},{"start":{"line":83,"column":20},"end":{"line":83,"column":20}}]},"4":{"line":94,"type":"if","locations":[{"start":{"line":94,"column":8},"end":{"line":94,"column":8}},{"start":{"line":94,"column":8},"end":{"line":94,"column":8}}]},"5":{"line":106,"type":"if","locations":[{"start":{"line":106,"column":12},"end":{"line":106,"column":12}},{"start":{"line":106,"column":12},"end":{"line":106,"column":12}}]}},"l":{"2":1,"3":1,"4":1,"5":1,"6":1,"8":1,"14":1,"15":0,"16":0,"17":0,"20":0,"22":0,"23":0,"24":0,"25":0,"27":1,"29":0,"32":0,"37":1,"39":0,"42":0,"47":1,"49":0,"50":0,"51":0,"61":1,"62":0,"68":1,"69":0,"75":1,"76":0,"77":0,"78":0,"79":0,"80":0,"81":0,"82":0,"83":0,"84":0,"85":0,"87":0,"88":0,"91":1,"92":0,"93":0,"94":0,"95":0,"98":0,"101":1,"102":0,"103":0,"105":0,"106":0,"107":0,"108":0,"109":0,"110":0,"111":0,"113":0,"116":1,"118":1}},
"/Users/nick/proj/threadtime/threadtime-server/dist/src/obj.js":{"path":"/Users/nick/proj/threadtime/threadtime-server/dist/src/obj.js","s":{"1":1,"2":1,"3":1,"4":1,"5":1,"6":1,"7":1,"8":28,"9":28,"10":26,"11":2,"12":28,"13":28,"14":28,"15":28,"16":1,"17":36,"18":1,"19":1,"20":1,"21":1,"22":1,"23":4,"24":4,"25":8,"26":1,"27":2,"28":1,"29":1,"30":1,"31":2,"32":2,"33":2,"34":2,"35":1,"36":1,"37":1,"38":4,"39":1,"40":3,"41":1,"42":0,"43":1,"44":4,"45":4,"46":4,"47":2,"48":2,"49":1,"50":2,"51":2,"52":2,"53":2,"54":1,"55":1,"56":1,"57":7,"58":7,"59":1,"60":1,"61":1,"62":1},"b":{"1":[26,2],"2":[1,1],"3":[1,3],"4":[2,2],"5":[1,1]},"f":{"1":1,"2":28,"3":36,"4":1,"5":1,"6":1,"7":4,"8":8,"9":2,"10":1,"11":2,"12":2,"13":2,"14":4,"15":0,"16":4,"17":2,"18":2,"19":1},"fnMap":{"1":{"name":"(anonymous_1)","line":8,"loc":{"start":{"line":8,"column":11},"end":{"line":8,"column":23}}},"2":{"name":"Obj","line":14,"loc":{"start":{"line":14,"column":4},"end":{"line":14,"column":26}}},"3":{"name":"(anonymous_3)","line":28,"loc":{"start":{"line":28,"column":13},"end":{"line":28,"column":25}}},"4":{"name":"(anonymous_4)","line":31,"loc":{"start":{"line":31,"column":13},"end":{"line":31,"column":32}}},"5":{"name":"(anonymous_5)","line":38,"loc":{"start":{"line":38,"column":13},"end":{"line":38,"column":25}}},"6":{"name":"(anonymous_6)","line":41,"loc":{"start":{"line":41,"column":13},"end":{"line":41,"column":28}}},"7":{"name":"(anonymous_7)","line":48,"loc":{"start":{"line":48,"column":13},"end":{"line":48,"column":25}}},"8":{"name":"(anonymous_8)","line":50,"loc":{"start":{"line":50,"column":39},"end":{"line":50,"column":53}}},"9":{"name":"(anonymous_9)","line":61,"loc":{"start":{"line":61,"column":30},"end":{"line":61,"column":48}}},"10":{"name":"(anonymous_10)","line":68,"loc":{"start":{"line":68,"column":29},"end":{"line":68,"column":47}}},"11":{"name":"(anonymous_11)","line":75,"loc":{"start":{"line":75,"column":25},"end":{"line":75,"column":37}}},"12":{"name":"(anonymous_12)","line":77,"loc":{"start":{"line":77,"column":27},"end":{"line":77,"column":54}}},"13":{"name":"(anonymous_13)","line":78,"loc":{"start":{"line":78,"column":78},"end":{"line":78,"column":94}}},"14":{"name":"(anonymous_14)","line":82,"loc":{"start":{"line":82,"column":31},"end":{"line":82,"column":51}}},"15":{"name":"(anonymous_15)","line":88,"loc":{"start":{"line":88,"column":21},"end":{"line":88,"column":36}}},"16":{"name":"(anonymous_16)","line":91,"loc":{"start":{"line":91,"column":29},"end":{"line":91,"column":41}}},"17":{"name":"(anonymous_17)","line":101,"loc":{"start":{"line":101,"column":25},"end":{"line":101,"column":37}}},"18":{"name":"(anonymous_18)","line":103,"loc":{"start":{"line":103,"column":27},"end":{"line":103,"column":54}}},"19":{"name":"(anonymous_19)","line":113,"loc":{"start":{"line":113,"column":94},"end":{"line":113,"column":106}}}},"statementMap":{"1":{"start":{"line":2,"column":0},"end":{"line":2,"column":33}},"2":{"start":{"line":3,"column":0},"end":{"line":3,"column":26}},"3":{"start":{"line":4,"column":0},"end":{"line":4,"column":25}},"4":{"start":{"line":5,"column":0},"end":{"line":5,"column":35}},"5":{"start":{"line":6,"column":0},"end":{"line":6,"column":67}},"6":{"start":{"line":8,"column":0},"end":{"line":117,"column":5}},"7":{"start":{"line":14,"column":4},"end":{"line":26,"column":5}},"8":{"start":{"line":15,"column":8},"end":{"line":15,"column":23}},"9":{"start":{"line":16,"column":8},"end":{"line":21,"column":9}},"10":{"start":{"line":17,"column":12},"end":{"line":17,"column":26}},"11":{"start":{"line":20,"column":12},"end":{"line":20,"column":85}},"12":{"start":{"line":22,"column":8},"end":{"line":22,"column":29}},"13":{"start":{"line":23,"column":8},"end":{"line":23,"column":29}},"14":{"start":{"line":24,"column":8},"end":{"line":24,"column":50}},"15":{"start":{"line":25,"column":8},"end":{"line":25,"column":60}},"16":{"start":{"line":27,"column":4},"end":{"line":36,"column":7}},"17":{"start":{"line":29,"column":12},"end":{"line":29,"column":41}},"18":{"start":{"line":32,"column":12},"end":{"line":32,"column":56}},"19":{"start":{"line":37,"column":4},"end":{"line":46,"column":7}},"20":{"start":{"line":39,"column":12},"end":{"line":39,"column":52}},"21":{"start":{"line":42,"column":12},"end":{"line":42,"column":36}},"22":{"start":{"line":47,"column":4},"end":{"line":56,"column":7}},"23":{"start":{"line":49,"column":12},"end":{"line":49,"column":29}},"24":{"start":{"line":50,"column":12},"end":{"line":52,"column":15}},"25":{"start":{"line":51,"column":16},"end":{"line":51,"column":46}},"26":{"start":{"line":61,"column":4},"end":{"line":63,"column":6}},"27":{"start":{"line":62,"column":8},"end":{"line":62,"column":41}},"28":{"start":{"line":68,"column":4},"end":{"line":70,"column":6}},"29":{"start":{"line":69,"column":8},"end":{"line":69,"column":44}},"30":{"start":{"line":75,"column":4},"end":{"line":90,"column":6}},"31":{"start":{"line":76,"column":8},"end":{"line":76,"column":25}},"32":{"start":{"line":77,"column":8},"end":{"line":89,"column":11}},"33":{"start":{"line":78,"column":12},"end":{"line":88,"column":61}},"34":{"start":{"line":79,"column":16},"end":{"line":80,"column":67}},"35":{"start":{"line":80,"column":20},"end":{"line":80,"column":67}},"36":{"start":{"line":81,"column":16},"end":{"line":81,"column":34}},"37":{"start":{"line":82,"column":16},"end":{"line":86,"column":19}},"38":{"start":{"line":83,"column":20},"end":{"line":84,"column":31}},"39":{"start":{"line":84,"column":24},"end":{"line":84,"column":31}},"40":{"start":{"line":85,"column":20},"end":{"line":85,"column":37}},"41":{"start":{"line":87,"column":16},"end":{"line":87,"column":26}},"42":{"start":{"line":88,"column":38},"end":{"line":88,"column":57}},"43":{"start":{"line":91,"column":4},"end":{"line":100,"column":6}},"44":{"start":{"line":92,"column":8},"end":{"line":92,"column":65}},"45":{"start":{"line":93,"column":8},"end":{"line":93,"column":76}},"46":{"start":{"line":94,"column":8},"end":{"line":99,"column":9}},"47":{"start":{"line":95,"column":12},"end":{"line":95,"column":50}},"48":{"start":{"line":98,"column":12},"end":{"line":98,"column":59}},"49":{"start":{"line":101,"column":4},"end":{"line":115,"column":6}},"50":{"start":{"line":102,"column":8},"end":{"line":102,"column":25}},"51":{"start":{"line":103,"column":8},"end":{"line":114,"column":11}},"52":{"start":{"line":105,"column":12},"end":{"line":105,"column":46}},"53":{"start":{"line":106,"column":12},"end":{"line":107,"column":62}},"54":{"start":{"line":107,"column":16},"end":{"line":107,"column":62}},"55":{"start":{"line":108,"column":12},"end":{"line":108,"column":25}},"56":{"start":{"line":109,"column":12},"end":{"line":112,"column":13}},"57":{"start":{"line":110,"column":16},"end":{"line":110,"column":31}},"58":{"start":{"line":111,"column":16},"end":{"line":111,"column":34}},"59":{"start":{"line":113,"column":12},"end":{"line":113,"column":129}},"60":{"start":{"line":113,"column":108},"end":{"line":113,"column":125}},"61":{"start":{"line":116,"column":4},"end":{"line":116,"column":15}},"62":{"start":{"line":118,"column":0},"end":{"line":118,"column":18}}},"branchMap":{"1":{"line":16,"type":"if","locations":[{"start":{"line":16,"column":8},"end":{"line":16,"column":8}},{"start":{"line":16,"column":8},"end":{"line":16,"column":8}}]},"2":{"line":79,"type":"if","locations":[{"start":{"line":79,"column":16},"end":{"line":79,"column":16}},{"start":{"line":79,"column":16},"end":{"line":79,"column":16}}]},"3":{"line":83,"type":"if","locations":[{"start":{"line":83,"column":20},"end":{"line":83,"column":20}},{"start":{"line":83,"column":20},"end":{"line":83,"column":20}}]},"4":{"line":94,"type":"if","locations":[{"start":{"line":94,"column":8},"end":{"line":94,"column":8}},{"start":{"line":94,"column":8},"end":{"line":94,"column":8}}]},"5":{"line":106,"type":"if","locations":[{"start":{"line":106,"column":12},"end":{"line":106,"column":12}},{"start":{"line":106,"column":12},"end":{"line":106,"column":12}}]}},"l":{"2":1,"3":1,"4":1,"5":1,"6":1,"8":1,"14":1,"15":28,"16":28,"17":26,"20":2,"22":28,"23":28,"24":28,"25":28,"27":1,"29":36,"32":1,"37":1,"39":1,"42":1,"47":1,"49":4,"50":4,"51":8,"61":1,"62":2,"68":1,"69":1,"75":1,"76":2,"77":2,"78":2,"79":2,"80":1,"81":1,"82":1,"83":4,"84":1,"85":3,"87":1,"88":0,"91":1,"92":4,"93":4,"94":4,"95":2,"98":2,"101":1,"102":2,"103":2,"105":2,"106":2,"107":1,"108":1,"109":1,"110":7,"111":7,"113":1,"116":1,"118":1}}}
