TN:
SF:/Users/nick/proj/threadtime/threadtime-server/src/App.ts
FN:12,(anonymous_2)
FN:36,App
FN:56,(anonymous_4)
FN:66,(anonymous_5)
FN:75,(anonymous_6)
FN:76,(anonymous_7)
FN:79,(anonymous_8)
FN:80,(anonymous_9)
FN:92,(anonymous_10)
FN:94,(anonymous_11)
FN:96,(anonymous_12)
FN:103,(anonymous_13)
FN:105,(anonymous_14)
FN:105,(anonymous_15)
FN:107,(anonymous_16)
FN:109,(anonymous_17)
FN:115,(anonymous_18)
FN:115,(anonymous_19)
FN:119,(anonymous_20)
FN:133,(anonymous_21)
FN:134,(anonymous_22)
FN:137,(anonymous_23)
FN:144,(anonymous_24)
FN:146,(anonymous_25)
FN:146,(anonymous_26)
FN:148,(anonymous_27)
FN:149,(anonymous_28)
FN:150,(anonymous_29)
FN:165,(anonymous_30)
FN:166,(anonymous_31)
FN:168,(anonymous_32)
FN:168,(anonymous_33)
FN:178,(anonymous_34)
FN:179,(anonymous_35)
FN:183,(anonymous_36)
FN:184,(anonymous_37)
FN:187,(anonymous_38)
FN:190,(anonymous_39)
FN:191,(anonymous_40)
FNF:39
FNH:36
FNDA:1,(anonymous_2)
FNDA:76,App
FNDA:2,(anonymous_4)
FNDA:12,(anonymous_5)
FNDA:76,(anonymous_6)
FNDA:76,(anonymous_7)
FNDA:76,(anonymous_8)
FNDA:76,(anonymous_9)
FNDA:76,(anonymous_10)
FNDA:152,(anonymous_11)
FNDA:152,(anonymous_12)
FNDA:76,(anonymous_13)
FNDA:75,(anonymous_14)
FNDA:1,(anonymous_15)
FNDA:75,(anonymous_16)
FNDA:0,(anonymous_17)
FNDA:75,(anonymous_18)
FNDA:75,(anonymous_19)
FNDA:76,(anonymous_20)
FNDA:28,(anonymous_21)
FNDA:28,(anonymous_22)
FNDA:28,(anonymous_23)
FNDA:28,(anonymous_24)
FNDA:28,(anonymous_25)
FNDA:0,(anonymous_26)
FNDA:28,(anonymous_27)
FNDA:28,(anonymous_28)
FNDA:28,(anonymous_29)
FNDA:53,(anonymous_30)
FNDA:53,(anonymous_31)
FNDA:51,(anonymous_32)
FNDA:2,(anonymous_33)
FNDA:33,(anonymous_34)
FNDA:33,(anonymous_35)
FNDA:41,(anonymous_36)
FNDA:41,(anonymous_37)
FNDA:41,(anonymous_38)
FNDA:0,(anonymous_39)
FNDA:33,(anonymous_40)
DA:1,1
DA:2,1
DA:3,1
DA:4,1
DA:5,1
DA:6,1
DA:7,1
DA:8,1
DA:10,1
DA:12,1
DA:13,1
DA:14,1
DA:36,152
DA:37,76
DA:39,76
DA:40,76
DA:41,76
DA:42,76
DA:43,76
DA:44,76
DA:47,76
DA:48,76
DA:51,76
DA:56,76
DA:58,2
DA:60,2
DA:62,2
DA:66,76
DA:67,12
DA:75,76
DA:76,76
DA:77,76
DA:78,76
DA:80,76
DA:81,76
DA:82,0
DA:83,0
DA:86,76
DA:87,76
DA:89,76
DA:93,76
DA:94,76
DA:95,152
DA:96,152
DA:97,152
DA:98,152
DA:99,152
DA:104,76
DA:105,76
DA:108,75
DA:109,75
DA:110,0
DA:111,0
DA:113,75
DA:115,75
DA:116,75
DA:117,75
DA:120,76
DA:121,1
DA:122,1
DA:124,75
DA:133,28
DA:134,28
DA:135,28
DA:136,28
DA:138,28
DA:139,0
DA:141,28
DA:145,28
DA:146,28
DA:148,28
DA:149,28
DA:151,28
DA:152,0
DA:153,0
DA:155,28
DA:165,53
DA:166,53
DA:167,53
DA:168,53
DA:178,33
DA:179,33
DA:181,33
DA:183,33
DA:184,41
DA:185,41
DA:186,41
DA:188,41
DA:189,41
DA:190,0
DA:192,33
DA:193,33
DA:197,1
LF:93
LH:85
BRDA:36,0,0,0
BRDA:36,0,1,76
BRDA:36,1,0,0
BRDA:36,1,1,0
BRDA:36,2,0,13
BRDA:36,2,1,63
BRDA:36,3,0,13
BRDA:36,3,1,13
BRDA:36,4,0,76
BRDA:36,4,1,0
BRDA:37,5,0,76
BRDA:37,5,1,76
BRDA:47,6,0,76
BRDA:47,6,1,76
BRDA:48,7,0,76
BRDA:48,7,1,76
BRDA:81,8,0,0
BRDA:81,8,1,76
BRDA:97,9,0,0
BRDA:97,9,1,152
BRDA:120,10,0,1
BRDA:120,10,1,75
BRDA:138,11,0,0
BRDA:138,11,1,28
BRDA:151,12,0,0
BRDA:151,12,1,28
BRDA:192,13,0,0
BRDA:192,13,1,33
BRF:28
BRH:19
end_of_record
TN:
SF:/Users/nick/proj/threadtime/threadtime-server/src/Client.ts
FN:22,(anonymous_2)
FN:39,Client
FN:50,(anonymous_4)
FN:53,(anonymous_5)
FN:56,(anonymous_6)
FN:58,(anonymous_7)
FN:59,(anonymous_8)
FN:62,(anonymous_9)
FN:63,(anonymous_10)
FN:76,(anonymous_11)
FN:77,(anonymous_12)
FN:93,(anonymous_13)
FN:97,(anonymous_14)
FN:124,(anonymous_15)
FN:130,(anonymous_16)
FN:132,(anonymous_17)
FN:132,(anonymous_18)
FN:134,(anonymous_19)
FN:149,(anonymous_20)
FN:151,(anonymous_21)
FN:153,(anonymous_22)
FN:177,(anonymous_23)
FN:179,(anonymous_24)
FN:191,(anonymous_25)
FN:213,(anonymous_26)
FN:220,(anonymous_27)
FN:228,(anonymous_28)
FN:228,(anonymous_29)
FN:229,(anonymous_30)
FN:237,(anonymous_31)
FN:237,(anonymous_32)
FN:240,(anonymous_33)
FN:248,(anonymous_34)
FNF:33
FNH:30
FNDA:1,(anonymous_2)
FNDA:15,Client
FNDA:15,(anonymous_4)
FNDA:11,(anonymous_5)
FNDA:9,(anonymous_6)
FNDA:8,(anonymous_7)
FNDA:7,(anonymous_8)
FNDA:5,(anonymous_9)
FNDA:3,(anonymous_10)
FNDA:21,(anonymous_11)
FNDA:21,(anonymous_12)
FNDA:69,(anonymous_13)
FNDA:9,(anonymous_14)
FNDA:7,(anonymous_15)
FNDA:7,(anonymous_16)
FNDA:7,(anonymous_17)
FNDA:0,(anonymous_18)
FNDA:7,(anonymous_19)
FNDA:6,(anonymous_20)
FNDA:6,(anonymous_21)
FNDA:6,(anonymous_22)
FNDA:5,(anonymous_23)
FNDA:5,(anonymous_24)
FNDA:3,(anonymous_25)
FNDA:3,(anonymous_26)
FNDA:2,(anonymous_27)
FNDA:1,(anonymous_28)
FNDA:0,(anonymous_29)
FNDA:1,(anonymous_30)
FNDA:1,(anonymous_31)
FNDA:0,(anonymous_32)
FNDA:2,(anonymous_33)
FNDA:3,(anonymous_34)
DA:2,1
DA:3,1
DA:4,1
DA:5,1
DA:7,1
DA:19,1
DA:20,1
DA:22,1
DA:28,15
DA:30,15
DA:40,15
DA:41,15
DA:42,15
DA:43,15
DA:44,15
DA:50,15
DA:51,15
DA:53,15
DA:56,15
DA:58,15
DA:59,8
DA:62,15
DA:63,5
DA:67,15
DA:69,15
DA:76,21
DA:77,21
DA:78,21
DA:80,12
DA:81,12
DA:82,12
DA:83,12
DA:84,12
DA:85,12
DA:93,1
DA:94,69
DA:97,1
DA:98,9
DA:99,9
DA:101,9
DA:102,1
DA:103,1
DA:104,1
DA:105,1
DA:106,1
DA:107,1
DA:108,1
DA:112,8
DA:115,8
DA:116,8
DA:117,8
DA:118,8
DA:121,8
DA:124,7
DA:125,7
DA:126,7
DA:129,7
DA:132,7
DA:136,7
DA:138,1
DA:141,1
DA:142,1
DA:143,1
DA:145,1
DA:147,6
DA:151,6
DA:154,6
DA:156,1
DA:159,1
DA:160,1
DA:161,1
DA:163,1
DA:166,5
DA:169,5
DA:170,5
DA:171,5
DA:174,5
DA:177,5
DA:180,5
DA:181,5
DA:184,5
DA:186,5
DA:191,3
DA:193,3
DA:196,3
DA:198,0
DA:200,0
DA:201,0
DA:202,0
DA:203,0
DA:212,3
DA:215,3
DA:217,3
DA:220,3
DA:223,2
DA:225,1
DA:226,1
DA:227,1
DA:228,1
DA:230,1
DA:233,1
DA:234,1
DA:235,1
DA:236,1
DA:237,1
DA:242,2
DA:243,2
DA:244,2
DA:245,2
DA:246,2
DA:249,3
DA:251,1
DA:252,1
DA:255,1
DA:256,1
DA:257,1
DA:261,1
LF:117
LH:112
BRDA:40,0,0,15
BRDA:40,0,1,15
BRDA:78,1,0,9
BRDA:78,1,1,12
BRDA:82,2,0,9
BRDA:82,2,1,3
BRDA:94,3,0,14
BRDA:94,3,1,55
BRDA:101,4,0,1
BRDA:101,4,1,8
BRDA:136,5,0,1
BRDA:136,5,1,6
BRDA:154,6,0,1
BRDA:154,6,1,5
BRDA:154,7,0,6
BRDA:154,7,1,6
BRDA:196,8,0,0
BRDA:196,8,1,3
BRDA:215,9,0,0
BRDA:215,9,1,3
BRDA:223,10,0,1
BRDA:223,10,1,1
BRDA:230,11,0,0
BRDA:230,11,1,1
BRDA:249,12,0,1
BRDA:249,12,1,2
BRDA:252,13,0,0
BRDA:252,13,1,1
BRF:28
BRH:24
end_of_record
TN:
SF:/Users/nick/proj/threadtime/threadtime-server/src/Errors.ts
FN:3,(anonymous_2)
FN:4,ObjNotFoundError
FN:10,(anonymous_4)
FN:13,ValidationError
FNF:4
FNH:4
FNDA:1,(anonymous_2)
FNDA:3,ObjNotFoundError
FNDA:1,(anonymous_4)
FNDA:1,ValidationError
DA:3,1
DA:5,3
DA:6,3
DA:8,1
DA:10,1
DA:14,1
DA:15,1
DA:16,1
DA:18,1
LF:9
LH:9
BRDA:5,0,0,3
BRDA:5,0,1,0
BRDA:5,1,0,3
BRDA:5,1,1,3
BRDA:14,2,0,1
BRDA:14,2,1,0
BRDA:14,3,0,1
BRDA:14,3,1,0
BRF:8
BRH:5
end_of_record
TN:
SF:/Users/nick/proj/threadtime/threadtime-server/src/SubscriptionDispatch.ts
FN:11,(anonymous_0)
FN:24,SubscriptionDispatch
FN:36,(anonymous_2)
FN:38,(anonymous_3)
FN:42,(anonymous_4)
FN:46,(anonymous_5)
FN:52,(anonymous_6)
FN:54,(anonymous_7)
FN:70,(anonymous_8)
FN:73,(anonymous_9)
FN:80,(anonymous_10)
FN:81,(anonymous_11)
FN:86,(anonymous_12)
FN:89,(anonymous_13)
FN:97,(anonymous_14)
FN:109,(anonymous_15)
FN:121,(anonymous_16)
FN:129,(anonymous_17)
FN:137,(anonymous_18)
FN:143,(anonymous_19)
FN:169,(anonymous_20)
FN:176,(anonymous_21)
FN:180,(anonymous_22)
FN:181,(anonymous_23)
FN:185,(anonymous_24)
FN:196,(anonymous_25)
FN:200,(anonymous_26)
FN:202,(anonymous_27)
FN:219,(anonymous_28)
FN:227,(anonymous_29)
FN:230,(anonymous_30)
FN:237,(anonymous_31)
FN:243,(anonymous_32)
FN:254,(anonymous_33)
FN:257,(anonymous_34)
FN:265,(anonymous_35)
FN:268,(anonymous_36)
FN:269,(anonymous_37)
FNF:38
FNH:28
FNDA:1,(anonymous_0)
FNDA:56,SubscriptionDispatch
FNDA:34,(anonymous_2)
FNDA:1,(anonymous_3)
FNDA:1,(anonymous_4)
FNDA:1,(anonymous_5)
FNDA:2,(anonymous_6)
FNDA:2,(anonymous_7)
FNDA:15,(anonymous_8)
FNDA:1,(anonymous_9)
FNDA:30,(anonymous_10)
FNDA:30,(anonymous_11)
FNDA:30,(anonymous_12)
FNDA:55,(anonymous_13)
FNDA:55,(anonymous_14)
FNDA:2,(anonymous_15)
FNDA:14,(anonymous_16)
FNDA:8,(anonymous_17)
FNDA:6,(anonymous_18)
FNDA:3,(anonymous_19)
FNDA:0,(anonymous_20)
FNDA:0,(anonymous_21)
FNDA:0,(anonymous_22)
FNDA:0,(anonymous_23)
FNDA:0,(anonymous_24)
FNDA:0,(anonymous_25)
FNDA:41,(anonymous_26)
FNDA:66,(anonymous_27)
FNDA:0,(anonymous_28)
FNDA:20,(anonymous_29)
FNDA:18,(anonymous_30)
FNDA:3,(anonymous_31)
FNDA:0,(anonymous_32)
FNDA:0,(anonymous_33)
FNDA:0,(anonymous_34)
FNDA:41,(anonymous_35)
FNDA:77,(anonymous_36)
FNDA:52,(anonymous_37)
DA:1,1
DA:3,1
DA:4,1
DA:9,1
DA:11,1
DA:25,56
DA:26,56
DA:28,56
DA:29,56
DA:30,56
DA:36,34
DA:38,34
DA:39,1
DA:42,34
DA:43,1
DA:46,34
DA:47,1
DA:48,1
DA:52,34
DA:53,2
DA:54,2
DA:55,2
DA:57,1
DA:58,1
DA:59,1
DA:62,1
DA:63,1
DA:64,1
DA:70,34
DA:73,34
DA:80,30
DA:81,30
DA:83,30
DA:86,30
DA:88,30
DA:89,30
DA:90,55
DA:92,30
DA:94,30
DA:97,55
DA:100,30
DA:109,1
DA:111,2
DA:112,2
DA:113,2
DA:121,14
DA:123,14
DA:124,14
DA:126,8
DA:129,8
DA:130,8
DA:133,8
DA:137,6
DA:140,6
DA:143,6
DA:144,3
DA:145,3
DA:148,3
DA:149,3
DA:151,3
DA:155,3
DA:156,3
DA:159,3
DA:169,1
DA:170,0
DA:171,0
DA:173,0
DA:176,0
DA:180,1
DA:181,0
DA:182,0
DA:186,0
DA:188,0
DA:191,0
DA:192,0
DA:194,0
DA:196,0
DA:200,41
DA:202,66
DA:205,41
DA:208,32
DA:209,32
DA:210,32
DA:213,32
DA:216,54
DA:219,1
DA:220,0
DA:221,0
DA:224,0
DA:227,1
DA:228,20
DA:230,20
DA:231,18
DA:234,20
DA:237,3
DA:239,3
DA:242,0
DA:243,0
DA:244,0
DA:247,0
DA:251,0
DA:254,1
DA:256,0
DA:257,0
DA:258,0
DA:259,0
DA:260,0
DA:265,1
DA:267,41
DA:268,41
DA:269,77
DA:271,41
DA:273,1
LF:113
LH:88
BRDA:55,0,0,1
BRDA:55,0,1,1
BRDA:112,1,0,2
BRDA:112,1,1,0
BRDA:113,2,0,2
BRDA:113,2,1,0
BRDA:124,3,0,8
BRDA:124,3,1,6
BRDA:149,4,0,0
BRDA:149,4,1,3
BRDA:151,5,0,3
BRDA:151,5,1,0
BRDA:171,6,0,0
BRDA:171,6,1,0
BRDA:186,7,0,0
BRDA:186,7,1,0
BRDA:186,8,0,0
BRDA:186,8,1,0
BRDA:200,9,0,0
BRDA:200,9,1,41
BRDA:202,10,0,18
BRDA:202,10,1,48
BRDA:205,11,0,9
BRDA:205,11,1,32
BRDA:231,12,0,11
BRDA:231,12,1,7
BRDA:239,13,0,3
BRDA:239,13,1,0
BRDA:247,14,0,0
BRDA:247,14,1,0
BRDA:258,15,0,0
BRDA:258,15,1,0
BRDA:260,16,0,0
BRDA:260,16,1,0
BRF:34
BRH:16
end_of_record
TN:
SF:/Users/nick/proj/threadtime/threadtime-server/src/SystemBus.ts
FN:9,(anonymous_2)
FN:30,SystemBus
FN:41,(anonymous_4)
FN:53,(anonymous_5)
FN:54,(anonymous_6)
FN:65,(anonymous_7)
FN:66,(anonymous_8)
FN:83,(anonymous_9)
FN:96,(anonymous_10)
FN:109,(anonymous_11)
FNF:10
FNH:10
FNDA:1,(anonymous_2)
FNDA:97,SystemBus
FNDA:5,(anonymous_4)
FNDA:95,(anonymous_5)
FNDA:95,(anonymous_6)
FNDA:47,(anonymous_7)
FNDA:47,(anonymous_8)
FNDA:18,(anonymous_9)
FNDA:29,(anonymous_10)
FNDA:29,(anonymous_11)
DA:2,1
DA:3,1
DA:9,1
DA:31,97
DA:33,97
DA:34,97
DA:36,97
DA:37,97
DA:38,97
DA:41,97
DA:42,5
DA:43,5
DA:46,97
DA:53,95
DA:54,95
DA:55,95
DA:57,93
DA:58,93
DA:65,47
DA:66,47
DA:67,47
DA:69,46
DA:71,46
DA:73,46
DA:74,46
DA:83,1
DA:84,18
DA:88,18
DA:96,1
DA:97,29
DA:99,29
DA:109,1
DA:110,29
DA:111,29
DA:112,29
DA:114,1
LF:36
LH:36
BRDA:31,0,0,97
BRDA:31,0,1,97
BRDA:67,1,0,1
BRDA:67,1,1,46
BRDA:110,2,0,0
BRDA:110,2,1,29
BRF:6
BRH:5
end_of_record
TN:
SF:/Users/nick/proj/threadtime/threadtime-server/src/index.ts
FNF:0
FNH:0
DA:1,1
DA:2,1
DA:3,1
DA:4,1
DA:5,1
DA:7,1
LF:6
LH:6
BRF:0
BRH:0
end_of_record
TN:
SF:/Users/nick/proj/threadtime/threadtime-server/src/Objs/BoardObj.ts
FN:5,(anonymous_2)
FN:10,BoardObj
FN:25,(anonymous_4)
FNF:3
FNH:2
FNDA:1,(anonymous_2)
FNDA:1,BoardObj
FNDA:0,(anonymous_4)
DA:1,1
DA:3,1
DA:5,1
DA:11,1
DA:13,1
DA:14,1
DA:15,1
DA:17,1
DA:25,1
DA:26,0
DA:27,0
DA:29,1
LF:12
LH:10
BRDA:11,0,0,1
BRDA:11,0,1,0
BRF:2
BRH:1
end_of_record
TN:
SF:/Users/nick/proj/threadtime/threadtime-server/src/Objs/Obj.ts
FN:12,(anonymous_2)
FN:21,Obj
FN:28,(anonymous_4)
FN:32,(anonymous_5)
FN:36,(anonymous_6)
FN:37,(anonymous_7)
FN:46,(anonymous_8)
FN:47,(anonymous_9)
FN:48,(anonymous_10)
FN:53,(anonymous_11)
FN:61,(anonymous_12)
FN:62,(anonymous_13)
FN:69,(anonymous_14)
FN:77,(anonymous_15)
FN:78,(anonymous_16)
FN:79,(anonymous_17)
FN:83,(anonymous_18)
FN:91,(anonymous_19)
FN:92,(anonymous_20)
FN:93,(anonymous_21)
FN:94,(anonymous_22)
FN:110,(anonymous_23)
FN:112,(anonymous_24)
FN:114,(anonymous_25)
FN:122,(anonymous_26)
FN:122,(anonymous_27)
FN:123,(anonymous_28)
FN:128,(anonymous_29)
FNF:28
FNH:25
FNDA:1,(anonymous_2)
FNDA:125,Obj
FNDA:1,(anonymous_4)
FNDA:2,(anonymous_5)
FNDA:4,(anonymous_6)
FNDA:8,(anonymous_7)
FNDA:55,(anonymous_8)
FNDA:55,(anonymous_9)
FNDA:55,(anonymous_10)
FNDA:0,(anonymous_11)
FNDA:12,(anonymous_12)
FNDA:12,(anonymous_13)
FNDA:11,(anonymous_14)
FNDA:4,(anonymous_15)
FNDA:4,(anonymous_16)
FNDA:3,(anonymous_17)
FNDA:0,(anonymous_18)
FNDA:23,(anonymous_19)
FNDA:23,(anonymous_20)
FNDA:23,(anonymous_21)
FNDA:30,(anonymous_22)
FNDA:50,(anonymous_23)
FNDA:50,(anonymous_24)
FNDA:21,(anonymous_25)
FNDA:5,(anonymous_26)
FNDA:5,(anonymous_27)
FNDA:6,(anonymous_28)
FNDA:0,(anonymous_29)
DA:3,1
DA:4,1
DA:7,1
DA:9,1
DA:12,1
DA:22,125
DA:24,125
DA:25,125
DA:28,1
DA:29,1
DA:33,2
DA:36,4
DA:37,4
DA:38,8
DA:46,55
DA:47,55
DA:48,55
DA:49,55
DA:50,52
DA:51,52
DA:52,52
DA:53,0
DA:61,12
DA:62,12
DA:64,12
DA:65,12
DA:67,11
DA:69,11
DA:77,4
DA:78,4
DA:79,4
DA:81,3
DA:82,3
DA:83,0
DA:91,23
DA:92,23
DA:93,23
DA:94,23
DA:95,30
DA:96,30
DA:97,30
DA:99,23
DA:110,95
DA:111,50
DA:112,50
DA:113,50
DA:114,21
DA:115,21
DA:117,15
DA:120,6
DA:122,5
DA:124,6
DA:128,0
DA:131,1
LF:54
LH:51
BRDA:22,0,0,125
BRDA:22,0,1,125
BRDA:49,1,0,3
BRDA:49,1,1,52
BRDA:65,2,0,1
BRDA:65,2,1,11
BRDA:110,3,0,45
BRDA:110,3,1,5
BRDA:111,4,0,45
BRDA:111,4,1,5
BRDA:113,5,0,29
BRDA:113,5,1,21
BRDA:115,6,0,15
BRDA:115,6,1,6
BRF:14
BRH:14
end_of_record
TN:
SF:/Users/nick/proj/threadtime/threadtime-server/src/Objs/PostObj.ts
FN:5,(anonymous_2)
FN:11,PostObj
FN:27,(anonymous_4)
FNF:3
FNH:2
FNDA:1,(anonymous_2)
FNDA:1,PostObj
FNDA:0,(anonymous_4)
DA:1,1
DA:3,1
DA:5,1
DA:12,1
DA:14,1
DA:15,1
DA:16,1
DA:17,1
DA:19,1
DA:27,1
DA:28,0
DA:29,0
DA:31,1
LF:13
LH:11
BRDA:12,0,0,1
BRDA:12,0,1,0
BRF:2
BRH:1
end_of_record
TN:
SF:/Users/nick/proj/threadtime/threadtime-server/src/Objs/UserObj.ts
FN:5,(anonymous_2)
FN:8,UserObj
FN:21,(anonymous_4)
FNF:3
FNH:3
FNDA:1,(anonymous_2)
FNDA:13,UserObj
FNDA:5,(anonymous_4)
DA:1,1
DA:3,1
DA:5,1
DA:9,13
DA:11,13
DA:13,13
DA:21,1
DA:22,5
DA:23,5
DA:25,1
LF:10
LH:10
BRDA:9,0,0,13
BRDA:9,0,1,0
BRF:2
BRH:1
end_of_record
TN:
SF:/Users/nick/proj/threadtime/threadtime-server/src/Objs/index.ts
FNF:0
FNH:0
DA:1,1
DA:2,1
DA:3,1
DA:4,1
LF:4
LH:4
BRF:0
BRH:0
end_of_record
